<?xml version="1.0" encoding="UTF-8"?>
<!-- Generated by org.testng.reporters.JUnitReportReporter -->
<testsuite hostname="DESKTOP-TDM8J6J" failures="0" tests="1" name="testngPkg.ExtentReportGenerator" time="0.020" errors="0" timestamp="2021-08-07T16:57:12 IST" skipped="0">
  <testcase classname="testngPkg.ExtentReportGenerator" name="generateExtentReport" time="0.020"/>
  <system-out/>
</testsuite> <!-- testngPkg.ExtentReportGenerator -->
