<?xml version="1.0" encoding="UTF-8"?>
<!-- Generated by org.testng.reporters.JUnitReportReporter -->
<testsuite hostname="DESKTOP-TDM8J6J" failures="0" tests="4" name="testngPkg.Projects" time="17.147" errors="0" timestamp="2021-08-07T16:57:12 IST" skipped="0">
  <testcase classname="testngPkg.Projects" name="navigateToProjects" time="4.308"/>
  <system-out/>
  <testcase classname="testngPkg.Projects" name="newProjectCreate" time="9.749"/>
  <system-out/>
  <testcase classname="testngPkg.Projects" name="switchtoAllProjects" time="1.886"/>
  <system-out/>
  <testcase classname="testngPkg.Projects" name="searchProject" time="1.204"/>
  <system-out/>
</testsuite> <!-- testngPkg.Projects -->
