<?xml version="1.0" encoding="UTF-8"?>
<!-- Generated by org.testng.reporters.JUnitReportReporter -->
<testsuite hostname="DESKTOP-TDM8J6J" failures="0" tests="1" name="utility.ExtentReportGenerator" time="21.780" errors="0" timestamp="2021-07-29T17:07:54 IST" skipped="0">
  <testcase classname="utility.ExtentReportGenerator" name="generateExtentReport" time="21.780"/>
  <system-out/>
</testsuite> <!-- utility.ExtentReportGenerator -->
