<?xml version="1.0" encoding="UTF-8"?>
<!-- Generated by org.testng.reporters.JUnitReportReporter -->
<testsuite hostname="DESKTOP-TDM8J6J" failures="0" tests="4" name="testngPkg.Tasks" time="11.731" errors="0" timestamp="2021-08-07T16:57:12 IST" skipped="0">
  <testcase classname="testngPkg.Tasks" name="navigateToTasks" time="2.325"/>
  <system-out/>
  <testcase classname="testngPkg.Tasks" name="newTaskCreate" time="6.761"/>
  <system-out/>
  <testcase classname="testngPkg.Tasks" name="switchtoAllTasks" time="1.426"/>
  <system-out/>
  <testcase classname="testngPkg.Tasks" name="searchTask" time="1.219"/>
  <system-out/>
</testsuite> <!-- testngPkg.Tasks -->
